<?xml version="1.0" encoding="UTF-8"?>
<!-- Generated by org.testng.reporters.JUnitReportReporter -->
<testsuite skipped="0" hostname="LAPTOP-JTNN1PTL" name="Academy.HomePage" tests="3" failures="0" timestamp="2020-09-17T14:55:08 EDT" time="93.561" errors="0">
  <testcase name="basePageNavigation" time="58.162" classname="Academy.HomePage"/>
  <system-out/>
  <testcase name="basePageNavigation" time="21.677" classname="Academy.HomePage"/>
  <system-out/>
  <testcase name="basePageNavigation" time="13.722" classname="Academy.HomePage"/>
  <system-out/>
</testsuite> <!-- Academy.HomePage -->
