<?xml version="1.0" encoding="UTF-8"?>
<!-- Generated by org.testng.reporters.JUnitReportReporter -->
<testsuite skipped="0" hostname="LAPTOP-JTNN1PTL" name="Academy.ValidateTitle" tests="1" failures="0" timestamp="2020-09-17T14:55:08 EDT" time="0.241" errors="0">
  <testcase name="validateAppTitle" time="0.241" classname="Academy.ValidateTitle"/>
  <system-out/>
</testsuite> <!-- Academy.ValidateTitle -->
